<?xml version="1.0" encoding="UTF-8"?>
<testng-results skipped="0" failed="1" ignored="0" total="1" passed="0">
  <reporter-output>
  </reporter-output>
  <suite name="Default suite" duration-ms="7266" started-at="2019-02-06T01:08:20Z" finished-at="2019-02-06T01:08:27Z">
    <groups>
    </groups>
    <test name="Default test" duration-ms="7266" started-at="2019-02-06T01:08:20Z" finished-at="2019-02-06T01:08:27Z">
      <class name="com.amzn.test.Project_Test">
        <test-method status="PASS" signature="openBrowser()[pri:0, instance:com.amzn.test.Project_Test@100fc185]" name="openBrowser" is-config="true" duration-ms="5043" started-at="2019-02-05T20:08:20Z" finished-at="2019-02-05T20:08:25Z">
          <reporter-output>
          </reporter-output>
        </test-method> <!-- openBrowser -->
        <test-method status="FAIL" signature="runProject()[pri:0, instance:com.amzn.test.Project_Test@100fc185]" name="runProject" duration-ms="10" started-at="2019-02-05T20:08:25Z" finished-at="2019-02-05T20:08:25Z">
          <exception class="java.lang.NullPointerException">
            <full-stacktrace>
              <![CDATA[java.lang.NullPointerException
	at com.amzn.main.Homepage.<init>(Homepage.java:27)
	at com.amzn.test.Project_Test.runProject(Project_Test.java:10)
	at sun.reflect.NativeMethodAccessorImpl.invoke0(Native Method)
	at sun.reflect.NativeMethodAccessorImpl.invoke(NativeMethodAccessorImpl.java:62)
	at sun.reflect.DelegatingMethodAccessorImpl.invoke(DelegatingMethodAccessorImpl.java:43)
	at java.lang.reflect.Method.invoke(Method.java:498)
	at org.testng.internal.MethodInvocationHelper.invokeMethod(MethodInvocationHelper.java:104)
	at org.testng.internal.Invoker.invokeMethod(Invoker.java:645)
	at org.testng.internal.Invoker.invokeTestMethod(Invoker.java:851)
	at org.testng.internal.Invoker.invokeTestMethods(Invoker.java:1177)
	at org.testng.internal.TestMethodWorker.invokeTestMethods(TestMethodWorker.java:129)
	at org.testng.internal.TestMethodWorker.run(TestMethodWorker.java:112)
	at org.testng.TestRunner.privateRun(TestRunner.java:756)
	at org.testng.TestRunner.run(TestRunner.java:610)
	at org.testng.SuiteRunner.runTest(SuiteRunner.java:387)
	at org.testng.SuiteRunner.runSequentially(SuiteRunner.java:382)
	at org.testng.SuiteRunner.privateRun(SuiteRunner.java:340)
	at org.testng.SuiteRunner.run(SuiteRunner.java:289)
	at org.testng.SuiteRunnerWorker.runSuite(SuiteRunnerWorker.java:52)
	at org.testng.SuiteRunnerWorker.run(SuiteRunnerWorker.java:86)
	at org.testng.TestNG.runSuitesSequentially(TestNG.java:1293)
	at org.testng.TestNG.runSuitesLocally(TestNG.java:1218)
	at org.testng.TestNG.runSuites(TestNG.java:1133)
	at org.testng.TestNG.run(TestNG.java:1104)
	at org.testng.remote.AbstractRemoteTestNG.run(AbstractRemoteTestNG.java:114)
	at org.testng.remote.RemoteTestNG.initAndRun(RemoteTestNG.java:251)
	at org.testng.remote.RemoteTestNG.main(RemoteTestNG.java:77)
]]>
            </full-stacktrace>
          </exception> <!-- java.lang.NullPointerException -->
          <reporter-output>
          </reporter-output>
        </test-method> <!-- runProject -->
        <test-method status="PASS" signature="closeBrowser()[pri:0, instance:com.amzn.test.Project_Test@100fc185]" name="closeBrowser" is-config="true" duration-ms="2181" started-at="2019-02-05T20:08:25Z" finished-at="2019-02-05T20:08:27Z">
          <reporter-output>
          </reporter-output>
        </test-method> <!-- closeBrowser -->
      </class> <!-- com.amzn.test.Project_Test -->
    </test> <!-- Default test -->
  </suite> <!-- Default suite -->
</testng-results>
